<?xml version="1.0" encoding="UTF-8"?>
<testng-results ignored="0" total="2" passed="2" failed="0" skipped="0">
  <reporter-output>
  </reporter-output>
  <suite started-at="2024-01-23T20:22:40 IST" name="Default suite" finished-at="2024-01-23T20:22:55 IST" duration-ms="15004">
    <groups>
    </groups>
    <test started-at="2024-01-23T20:22:40 IST" name="Default test" finished-at="2024-01-23T20:22:55 IST" duration-ms="15004">
      <class name="pack1.Demo">
        <test-method signature="Test1()[pri:0, instance:pack1.Demo@27f981c6]" started-at="2024-01-23T20:22:40 IST" name="Test1" finished-at="2024-01-23T20:22:43 IST" duration-ms="3414" status="PASS">
          <reporter-output>
          </reporter-output>
        </test-method> <!-- Test1 -->
        <test-method signature="Test2()[pri:0, instance:pack1.Demo@27f981c6]" started-at="2024-01-23T20:22:43 IST" name="Test2" finished-at="2024-01-23T20:22:55 IST" duration-ms="11545" status="PASS">
          <reporter-output>
          </reporter-output>
        </test-method> <!-- Test2 -->
      </class> <!-- pack1.Demo -->
    </test> <!-- Default test -->
  </suite> <!-- Default suite -->
</testng-results>
